c:\users\대원\desktop\project\framework\framework\x64\release\vc142.pdb
c:\users\대원\desktop\project\framework\framework\x64\release\worms.obj
c:\users\대원\desktop\project\framework\framework\x64\release\sprite.obj
c:\users\대원\desktop\project\framework\framework\x64\release\sound.obj
c:\users\대원\desktop\project\framework\framework\x64\release\over.obj
c:\users\대원\desktop\project\framework\framework\x64\release\mysql.obj
c:\users\대원\desktop\project\framework\framework\x64\release\menu.obj
c:\users\대원\desktop\project\framework\framework\x64\release\map.obj
c:\users\대원\desktop\project\framework\framework\x64\release\main.obj
c:\users\대원\desktop\project\framework\framework\x64\release\logo.obj
c:\users\대원\desktop\project\framework\framework\x64\release\key.obj
c:\users\대원\desktop\project\framework\framework\x64\release\gamemanager.obj
c:\users\대원\desktop\project\framework\framework\x64\release\game.obj
c:\users\대원\desktop\project\framework\framework\x64\release\enemybullet.obj
c:\users\대원\desktop\project\framework\framework\x64\release\enemy.obj
c:\users\대원\desktop\project\framework\framework\x64\release\devicefont.obj
c:\users\대원\desktop\project\framework\framework\x64\release\dxutsound.obj
c:\users\대원\desktop\project\framework\framework\x64\release\cmng.obj
c:\users\대원\desktop\project\framework\framework\x64\release\bullet.obj
c:\users\대원\desktop\project\framework\x64\release\framework.exe
c:\users\대원\desktop\project\framework\framework\x64\release\framework.ipdb
c:\users\대원\desktop\project\framework\framework\x64\release\framework.iobj
c:\users\대원\desktop\project\framework\x64\release\framework.pdb
c:\users\대원\desktop\project\framework\framework\x64\release\framework.tlog\cl.command.1.tlog
c:\users\대원\desktop\project\framework\framework\x64\release\framework.tlog\cl.read.1.tlog
c:\users\대원\desktop\project\framework\framework\x64\release\framework.tlog\cl.write.1.tlog
c:\users\대원\desktop\project\framework\framework\x64\release\framework.tlog\link.command.1.tlog
c:\users\대원\desktop\project\framework\framework\x64\release\framework.tlog\link.read.1.tlog
c:\users\대원\desktop\project\framework\framework\x64\release\framework.tlog\link.write.1.tlog
