  Bullet.cpp
C:\Users\대원\Desktop\PROJECT\FrameWork\FrameWork\Bullet.cpp(95,61): warning C4244: '인수': 'float'에서 'int'(으)로 변환하면서 데이터가 손실될 수 있습니다.
C:\Users\대원\Desktop\PROJECT\FrameWork\FrameWork\Bullet.cpp(95,49): warning C4244: '인수': 'float'에서 'int'(으)로 변환하면서 데이터가 손실될 수 있습니다.
C:\Users\대원\Desktop\PROJECT\FrameWork\FrameWork\Bullet.cpp(95,34): warning C4244: '인수': 'float'에서 'int'(으)로 변환하면서 데이터가 손실될 수 있습니다.
C:\Users\대원\Desktop\PROJECT\FrameWork\FrameWork\Bullet.cpp(95,29): warning C4244: '인수': 'float'에서 'int'(으)로 변환하면서 데이터가 손실될 수 있습니다.
C:\Users\대원\Desktop\PROJECT\FrameWork\FrameWork\Bullet.cpp(107,29): warning C4244: '=': 'LONG'에서 'float'(으)로 변환하면서 데이터가 손실될 수 있습니다.
C:\Users\대원\Desktop\PROJECT\FrameWork\FrameWork\Bullet.cpp(112,29): warning C4244: '=': 'LONG'에서 'float'(으)로 변환하면서 데이터가 손실될 수 있습니다.
C:\Users\대원\Desktop\PROJECT\FrameWork\FrameWork\Bullet.cpp(117,29): warning C4244: '=': 'LONG'에서 'float'(으)로 변환하면서 데이터가 손실될 수 있습니다.
C:\Users\대원\Desktop\PROJECT\FrameWork\FrameWork\Bullet.cpp(122,29): warning C4244: '=': 'LONG'에서 'float'(으)로 변환하면서 데이터가 손실될 수 있습니다.
C:\Users\대원\Desktop\PROJECT\FrameWork\FrameWork\Bullet.cpp(126,61): warning C4244: '인수': 'float'에서 'int'(으)로 변환하면서 데이터가 손실될 수 있습니다.
C:\Users\대원\Desktop\PROJECT\FrameWork\FrameWork\Bullet.cpp(126,49): warning C4244: '인수': 'float'에서 'int'(으)로 변환하면서 데이터가 손실될 수 있습니다.
C:\Users\대원\Desktop\PROJECT\FrameWork\FrameWork\Bullet.cpp(126,34): warning C4244: '인수': 'float'에서 'int'(으)로 변환하면서 데이터가 손실될 수 있습니다.
C:\Users\대원\Desktop\PROJECT\FrameWork\FrameWork\Bullet.cpp(126,29): warning C4244: '인수': 'float'에서 'int'(으)로 변환하면서 데이터가 손실될 수 있습니다.
C:\Users\대원\Desktop\PROJECT\FrameWork\FrameWork\Bullet.cpp(65,7): warning C4101: 'Filename' :참조되지 않은 지역 변수입니다.
C:\Users\대원\Desktop\PROJECT\FrameWork\FrameWork\Bullet.cpp(148,73): warning C4244: '인수': 'LONG'에서 'float'(으)로 변환하면서 데이터가 손실될 수 있습니다.
C:\Users\대원\Desktop\PROJECT\FrameWork\FrameWork\Bullet.cpp(148,44): warning C4244: '인수': 'LONG'에서 'float'(으)로 변환하면서 데이터가 손실될 수 있습니다.
C:\Users\대원\Desktop\PROJECT\FrameWork\FrameWork\Bullet.cpp(152,33): warning C4244: '=': 'LONG'에서 'float'(으)로 변환하면서 데이터가 손실될 수 있습니다.
C:\Users\대원\Desktop\PROJECT\FrameWork\FrameWork\Bullet.cpp(157,33): warning C4244: '=': 'LONG'에서 'float'(으)로 변환하면서 데이터가 손실될 수 있습니다.
C:\Users\대원\Desktop\PROJECT\FrameWork\FrameWork\Bullet.cpp(162,33): warning C4244: '=': 'LONG'에서 'float'(으)로 변환하면서 데이터가 손실될 수 있습니다.
C:\Users\대원\Desktop\PROJECT\FrameWork\FrameWork\Bullet.cpp(167,33): warning C4244: '=': 'LONG'에서 'float'(으)로 변환하면서 데이터가 손실될 수 있습니다.
C:\Users\대원\Desktop\PROJECT\FrameWork\FrameWork\Bullet.cpp(170,65): warning C4244: '인수': 'float'에서 'int'(으)로 변환하면서 데이터가 손실될 수 있습니다.
C:\Users\대원\Desktop\PROJECT\FrameWork\FrameWork\Bullet.cpp(170,53): warning C4244: '인수': 'float'에서 'int'(으)로 변환하면서 데이터가 손실될 수 있습니다.
C:\Users\대원\Desktop\PROJECT\FrameWork\FrameWork\Bullet.cpp(170,38): warning C4244: '인수': 'float'에서 'int'(으)로 변환하면서 데이터가 손실될 수 있습니다.
C:\Users\대원\Desktop\PROJECT\FrameWork\FrameWork\Bullet.cpp(170,33): warning C4244: '인수': 'float'에서 'int'(으)로 변환하면서 데이터가 손실될 수 있습니다.
C:\Users\대원\Desktop\PROJECT\FrameWork\FrameWork\Bullet.cpp(179,33): warning C4244: '=': 'LONG'에서 'float'(으)로 변환하면서 데이터가 손실될 수 있습니다.
C:\Users\대원\Desktop\PROJECT\FrameWork\FrameWork\Bullet.cpp(184,33): warning C4244: '=': 'LONG'에서 'float'(으)로 변환하면서 데이터가 손실될 수 있습니다.
C:\Users\대원\Desktop\PROJECT\FrameWork\FrameWork\Bullet.cpp(189,33): warning C4244: '=': 'LONG'에서 'float'(으)로 변환하면서 데이터가 손실될 수 있습니다.
C:\Users\대원\Desktop\PROJECT\FrameWork\FrameWork\Bullet.cpp(194,33): warning C4244: '=': 'LONG'에서 'float'(으)로 변환하면서 데이터가 손실될 수 있습니다.
C:\Users\대원\Desktop\PROJECT\FrameWork\FrameWork\Bullet.cpp(197,65): warning C4244: '인수': 'float'에서 'int'(으)로 변환하면서 데이터가 손실될 수 있습니다.
C:\Users\대원\Desktop\PROJECT\FrameWork\FrameWork\Bullet.cpp(197,53): warning C4244: '인수': 'float'에서 'int'(으)로 변환하면서 데이터가 손실될 수 있습니다.
C:\Users\대원\Desktop\PROJECT\FrameWork\FrameWork\Bullet.cpp(197,38): warning C4244: '인수': 'float'에서 'int'(으)로 변환하면서 데이터가 손실될 수 있습니다.
C:\Users\대원\Desktop\PROJECT\FrameWork\FrameWork\Bullet.cpp(197,33): warning C4244: '인수': 'float'에서 'int'(으)로 변환하면서 데이터가 손실될 수 있습니다.
  CMng.cpp
  DXUTsound.cpp
  DeviceFont.cpp
C:\Users\대원\Desktop\PROJECT\FrameWork\FrameWork\DeviceFont.cpp(58,35): warning C4838: 'size_t'에서 'LONG'(으)로의 변환에는 축소 변환이 필요합니다.
C:\Users\대원\Desktop\PROJECT\FrameWork\FrameWork\DeviceFont.cpp(58,63): warning C4267: '초기화 중': 'size_t'에서 'LONG'(으)로 변환하면서 데이터가 손실될 수 있습니다.
C:\Users\대원\Desktop\PROJECT\FrameWork\FrameWork\DeviceFont.cpp(62,95): warning C4267: '인수': 'size_t'에서 'INT'(으)로 변환하면서 데이터가 손실될 수 있습니다.
  Enemy.cpp
C:\Users\대원\Desktop\PROJECT\FrameWork\FrameWork\Enemy.cpp(38,36): warning C4244: '=': 'ULONGLONG'에서 'DWORD'(으)로 변환하면서 데이터가 손실될 수 있습니다.
C:\Users\대원\Desktop\PROJECT\FrameWork\FrameWork\Enemy.cpp(39,36): warning C4244: '=': 'ULONGLONG'에서 'DWORD'(으)로 변환하면서 데이터가 손실될 수 있습니다.
C:\Users\대원\Desktop\PROJECT\FrameWork\FrameWork\Enemy.cpp(42,36): warning C4244: '=': 'ULONGLONG'에서 'DWORD'(으)로 변환하면서 데이터가 손실될 수 있습니다.
C:\Users\대원\Desktop\PROJECT\FrameWork\FrameWork\Enemy.cpp(43,36): warning C4244: '=': 'ULONGLONG'에서 'DWORD'(으)로 변환하면서 데이터가 손실될 수 있습니다.
C:\Users\대원\Desktop\PROJECT\FrameWork\FrameWork\Enemy.cpp(58,92): warning C4244: '인수': 'double'에서 'int'(으)로 변환하면서 데이터가 손실될 수 있습니다.
C:\Users\대원\Desktop\PROJECT\FrameWork\FrameWork\Enemy.cpp(58,74): warning C4244: '인수': 'double'에서 'int'(으)로 변환하면서 데이터가 손실될 수 있습니다.
C:\Users\대원\Desktop\PROJECT\FrameWork\FrameWork\Enemy.cpp(58,55): warning C4244: '인수': 'double'에서 'int'(으)로 변환하면서 데이터가 손실될 수 있습니다.
C:\Users\대원\Desktop\PROJECT\FrameWork\FrameWork\Enemy.cpp(58,42): warning C4244: '인수': 'double'에서 'int'(으)로 변환하면서 데이터가 손실될 수 있습니다.
C:\Users\대원\Desktop\PROJECT\FrameWork\FrameWork\Enemy.cpp(59,92): warning C4244: '인수': 'double'에서 'int'(으)로 변환하면서 데이터가 손실될 수 있습니다.
C:\Users\대원\Desktop\PROJECT\FrameWork\FrameWork\Enemy.cpp(59,74): warning C4244: '인수': 'double'에서 'int'(으)로 변환하면서 데이터가 손실될 수 있습니다.
C:\Users\대원\Desktop\PROJECT\FrameWork\FrameWork\Enemy.cpp(59,55): warning C4244: '인수': 'double'에서 'int'(으)로 변환하면서 데이터가 손실될 수 있습니다.
C:\Users\대원\Desktop\PROJECT\FrameWork\FrameWork\Enemy.cpp(59,42): warning C4244: '인수': 'double'에서 'int'(으)로 변환하면서 데이터가 손실될 수 있습니다.
C:\Users\대원\Desktop\PROJECT\FrameWork\FrameWork\Enemy.cpp(88,136): warning C4244: '인수': 'double'에서 'int'(으)로 변환하면서 데이터가 손실될 수 있습니다.
C:\Users\대원\Desktop\PROJECT\FrameWork\FrameWork\Enemy.cpp(88,102): warning C4244: '인수': 'double'에서 'int'(으)로 변환하면서 데이터가 손실될 수 있습니다.
C:\Users\대원\Desktop\PROJECT\FrameWork\FrameWork\Enemy.cpp(88,71): warning C4244: '인수': 'double'에서 'int'(으)로 변환하면서 데이터가 손실될 수 있습니다.
C:\Users\대원\Desktop\PROJECT\FrameWork\FrameWork\Enemy.cpp(88,43): warning C4244: '인수': 'double'에서 'int'(으)로 변환하면서 데이터가 손실될 수 있습니다.
C:\Users\대원\Desktop\PROJECT\FrameWork\FrameWork\Enemy.cpp(111,96): warning C4244: '인수': 'double'에서 'int'(으)로 변환하면서 데이터가 손실될 수 있습니다.
C:\Users\대원\Desktop\PROJECT\FrameWork\FrameWork\Enemy.cpp(111,78): warning C4244: '인수': 'double'에서 'int'(으)로 변환하면서 데이터가 손실될 수 있습니다.
C:\Users\대원\Desktop\PROJECT\FrameWork\FrameWork\Enemy.cpp(111,59): warning C4244: '인수': 'double'에서 'int'(으)로 변환하면서 데이터가 손실될 수 있습니다.
C:\Users\대원\Desktop\PROJECT\FrameWork\FrameWork\Enemy.cpp(111,46): warning C4244: '인수': 'double'에서 'int'(으)로 변환하면서 데이터가 손실될 수 있습니다.
C:\Users\대원\Desktop\PROJECT\FrameWork\FrameWork\Enemy.cpp(138,136): warning C4244: '인수': 'double'에서 'int'(으)로 변환하면서 데이터가 손실될 수 있습니다.
C:\Users\대원\Desktop\PROJECT\FrameWork\FrameWork\Enemy.cpp(138,102): warning C4244: '인수': 'double'에서 'int'(으)로 변환하면서 데이터가 손실될 수 있습니다.
C:\Users\대원\Desktop\PROJECT\FrameWork\FrameWork\Enemy.cpp(138,71): warning C4244: '인수': 'double'에서 'int'(으)로 변환하면서 데이터가 손실될 수 있습니다.
C:\Users\대원\Desktop\PROJECT\FrameWork\FrameWork\Enemy.cpp(138,43): warning C4244: '인수': 'double'에서 'int'(으)로 변환하면서 데이터가 손실될 수 있습니다.
C:\Users\대원\Desktop\PROJECT\FrameWork\FrameWork\Enemy.cpp(156,96): warning C4244: '인수': 'double'에서 'int'(으)로 변환하면서 데이터가 손실될 수 있습니다.
C:\Users\대원\Desktop\PROJECT\FrameWork\FrameWork\Enemy.cpp(156,78): warning C4244: '인수': 'double'에서 'int'(으)로 변환하면서 데이터가 손실될 수 있습니다.
C:\Users\대원\Desktop\PROJECT\FrameWork\FrameWork\Enemy.cpp(156,59): warning C4244: '인수': 'double'에서 'int'(으)로 변환하면서 데이터가 손실될 수 있습니다.
C:\Users\대원\Desktop\PROJECT\FrameWork\FrameWork\Enemy.cpp(156,46): warning C4244: '인수': 'double'에서 'int'(으)로 변환하면서 데이터가 손실될 수 있습니다.
C:\Users\대원\Desktop\PROJECT\FrameWork\FrameWork\Enemy.cpp(163,16): warning C4244: 'return': 'double'에서 'float'(으)로 변환하면서 데이터가 손실될 수 있습니다.
C:\Users\대원\Desktop\PROJECT\FrameWork\FrameWork\Enemy.cpp(167,16): warning C4244: 'return': 'double'에서 'float'(으)로 변환하면서 데이터가 손실될 수 있습니다.
C:\Users\대원\Desktop\PROJECT\FrameWork\FrameWork\Enemy.cpp(170,28): warning C4244: '초기화 중': 'ULONGLONG'에서 'DWORD'(으)로 변환하면서 데이터가 손실될 수 있습니다.
C:\Users\대원\Desktop\PROJECT\FrameWork\FrameWork\Enemy.cpp(176,23): warning C4244: '인수': 'time_t'에서 'unsigned int'(으)로 변환하면서 데이터가 손실될 수 있습니다.
C:\Users\대원\Desktop\PROJECT\FrameWork\FrameWork\Enemy.cpp(195,48): warning C4244: '=': 'ULONGLONG'에서 'DWORD'(으)로 변환하면서 데이터가 손실될 수 있습니다.
C:\Users\대원\Desktop\PROJECT\FrameWork\FrameWork\Enemy.cpp(205,48): warning C4244: '=': 'ULONGLONG'에서 'DWORD'(으)로 변환하면서 데이터가 손실될 수 있습니다.
C:\Users\대원\Desktop\PROJECT\FrameWork\FrameWork\Enemy.cpp(215,48): warning C4244: '=': 'ULONGLONG'에서 'DWORD'(으)로 변환하면서 데이터가 손실될 수 있습니다.
C:\Users\대원\Desktop\PROJECT\FrameWork\FrameWork\Enemy.cpp(225,48): warning C4244: '=': 'ULONGLONG'에서 'DWORD'(으)로 변환하면서 데이터가 손실될 수 있습니다.
C:\Users\대원\Desktop\PROJECT\FrameWork\FrameWork\Enemy.cpp(243,48): warning C4244: '=': 'ULONGLONG'에서 'DWORD'(으)로 변환하면서 데이터가 손실될 수 있습니다.
C:\Users\대원\Desktop\PROJECT\FrameWork\FrameWork\Enemy.cpp(253,48): warning C4244: '=': 'ULONGLONG'에서 'DWORD'(으)로 변환하면서 데이터가 손실될 수 있습니다.
C:\Users\대원\Desktop\PROJECT\FrameWork\FrameWork\Enemy.cpp(262,48): warning C4244: '=': 'ULONGLONG'에서 'DWORD'(으)로 변환하면서 데이터가 손실될 수 있습니다.
C:\Users\대원\Desktop\PROJECT\FrameWork\FrameWork\Enemy.cpp(271,48): warning C4244: '=': 'ULONGLONG'에서 'DWORD'(으)로 변환하면서 데이터가 손실될 수 있습니다.
C:\Users\대원\Desktop\PROJECT\FrameWork\FrameWork\Enemy.cpp(280,70): warning C4244: '인수': 'double'에서 'float'(으)로 변환하면서 데이터가 손실될 수 있습니다.
C:\Users\대원\Desktop\PROJECT\FrameWork\FrameWork\Enemy.cpp(280,57): warning C4244: '인수': 'double'에서 'float'(으)로 변환하면서 데이터가 손실될 수 있습니다.
C:\Users\대원\Desktop\PROJECT\FrameWork\FrameWork\Enemy.cpp(283,52): warning C4244: '인수': 'double'에서 'float'(으)로 변환하면서 데이터가 손실될 수 있습니다.
C:\Users\대원\Desktop\PROJECT\FrameWork\FrameWork\Enemy.cpp(283,39): warning C4244: '인수': 'double'에서 'float'(으)로 변환하면서 데이터가 손실될 수 있습니다.
C:\Users\대원\Desktop\PROJECT\FrameWork\FrameWork\Enemy.cpp(303,108): warning C4244: '인수': 'double'에서 'int'(으)로 변환하면서 데이터가 손실될 수 있습니다.
C:\Users\대원\Desktop\PROJECT\FrameWork\FrameWork\Enemy.cpp(303,90): warning C4244: '인수': 'double'에서 'int'(으)로 변환하면서 데이터가 손실될 수 있습니다.
C:\Users\대원\Desktop\PROJECT\FrameWork\FrameWork\Enemy.cpp(303,71): warning C4244: '인수': 'double'에서 'int'(으)로 변환하면서 데이터가 손실될 수 있습니다.
C:\Users\대원\Desktop\PROJECT\FrameWork\FrameWork\Enemy.cpp(303,58): warning C4244: '인수': 'double'에서 'int'(으)로 변환하면서 데이터가 손실될 수 있습니다.
C:\Users\대원\Desktop\PROJECT\FrameWork\FrameWork\Enemy.cpp(312,70): warning C4244: '인수': 'double'에서 'float'(으)로 변환하면서 데이터가 손실될 수 있습니다.
C:\Users\대원\Desktop\PROJECT\FrameWork\FrameWork\Enemy.cpp(312,57): warning C4244: '인수': 'double'에서 'float'(으)로 변환하면서 데이터가 손실될 수 있습니다.
C:\Users\대원\Desktop\PROJECT\FrameWork\FrameWork\Enemy.cpp(315,52): warning C4244: '인수': 'double'에서 'float'(으)로 변환하면서 데이터가 손실될 수 있습니다.
C:\Users\대원\Desktop\PROJECT\FrameWork\FrameWork\Enemy.cpp(315,39): warning C4244: '인수': 'double'에서 'float'(으)로 변환하면서 데이터가 손실될 수 있습니다.
C:\Users\대원\Desktop\PROJECT\FrameWork\FrameWork\Enemy.cpp(334,108): warning C4244: '인수': 'double'에서 'int'(으)로 변환하면서 데이터가 손실될 수 있습니다.
C:\Users\대원\Desktop\PROJECT\FrameWork\FrameWork\Enemy.cpp(334,90): warning C4244: '인수': 'double'에서 'int'(으)로 변환하면서 데이터가 손실될 수 있습니다.
C:\Users\대원\Desktop\PROJECT\FrameWork\FrameWork\Enemy.cpp(334,71): warning C4244: '인수': 'double'에서 'int'(으)로 변환하면서 데이터가 손실될 수 있습니다.
C:\Users\대원\Desktop\PROJECT\FrameWork\FrameWork\Enemy.cpp(334,58): warning C4244: '인수': 'double'에서 'int'(으)로 변환하면서 데이터가 손실될 수 있습니다.
  EnemyBullet.cpp
C:\Users\대원\Desktop\PROJECT\FrameWork\FrameWork\EnemyBullet.cpp(123,62): warning C4244: '인수': 'float'에서 'int'(으)로 변환하면서 데이터가 손실될 수 있습니다.
C:\Users\대원\Desktop\PROJECT\FrameWork\FrameWork\EnemyBullet.cpp(123,50): warning C4244: '인수': 'float'에서 'int'(으)로 변환하면서 데이터가 손실될 수 있습니다.
C:\Users\대원\Desktop\PROJECT\FrameWork\FrameWork\EnemyBullet.cpp(123,35): warning C4244: '인수': 'float'에서 'int'(으)로 변환하면서 데이터가 손실될 수 있습니다.
C:\Users\대원\Desktop\PROJECT\FrameWork\FrameWork\EnemyBullet.cpp(123,30): warning C4244: '인수': 'float'에서 'int'(으)로 변환하면서 데이터가 손실될 수 있습니다.
C:\Users\대원\Desktop\PROJECT\FrameWork\FrameWork\EnemyBullet.cpp(135,33): warning C4244: '=': 'LONG'에서 'float'(으)로 변환하면서 데이터가 손실될 수 있습니다.
C:\Users\대원\Desktop\PROJECT\FrameWork\FrameWork\EnemyBullet.cpp(140,33): warning C4244: '=': 'LONG'에서 'float'(으)로 변환하면서 데이터가 손실될 수 있습니다.
C:\Users\대원\Desktop\PROJECT\FrameWork\FrameWork\EnemyBullet.cpp(145,33): warning C4244: '=': 'LONG'에서 'float'(으)로 변환하면서 데이터가 손실될 수 있습니다.
C:\Users\대원\Desktop\PROJECT\FrameWork\FrameWork\EnemyBullet.cpp(150,33): warning C4244: '=': 'LONG'에서 'float'(으)로 변환하면서 데이터가 손실될 수 있습니다.
C:\Users\대원\Desktop\PROJECT\FrameWork\FrameWork\EnemyBullet.cpp(153,62): warning C4244: '인수': 'float'에서 'int'(으)로 변환하면서 데이터가 손실될 수 있습니다.
C:\Users\대원\Desktop\PROJECT\FrameWork\FrameWork\EnemyBullet.cpp(153,50): warning C4244: '인수': 'float'에서 'int'(으)로 변환하면서 데이터가 손실될 수 있습니다.
C:\Users\대원\Desktop\PROJECT\FrameWork\FrameWork\EnemyBullet.cpp(153,35): warning C4244: '인수': 'float'에서 'int'(으)로 변환하면서 데이터가 손실될 수 있습니다.
C:\Users\대원\Desktop\PROJECT\FrameWork\FrameWork\EnemyBullet.cpp(153,30): warning C4244: '인수': 'float'에서 'int'(으)로 변환하면서 데이터가 손실될 수 있습니다.
C:\Users\대원\Desktop\PROJECT\FrameWork\FrameWork\EnemyBullet.cpp(194,66): warning C4244: '인수': 'float'에서 'int'(으)로 변환하면서 데이터가 손실될 수 있습니다.
C:\Users\대원\Desktop\PROJECT\FrameWork\FrameWork\EnemyBullet.cpp(194,53): warning C4244: '인수': 'float'에서 'int'(으)로 변환하면서 데이터가 손실될 수 있습니다.
C:\Users\대원\Desktop\PROJECT\FrameWork\FrameWork\EnemyBullet.cpp(194,36): warning C4244: '인수': 'float'에서 'int'(으)로 변환하면서 데이터가 손실될 수 있습니다.
C:\Users\대원\Desktop\PROJECT\FrameWork\FrameWork\EnemyBullet.cpp(194,31): warning C4244: '인수': 'float'에서 'int'(으)로 변환하면서 데이터가 손실될 수 있습니다.
C:\Users\대원\Desktop\PROJECT\FrameWork\FrameWork\EnemyBullet.cpp(206,34): warning C4244: '=': 'LONG'에서 'float'(으)로 변환하면서 데이터가 손실될 수 있습니다.
C:\Users\대원\Desktop\PROJECT\FrameWork\FrameWork\EnemyBullet.cpp(211,34): warning C4244: '=': 'LONG'에서 'float'(으)로 변환하면서 데이터가 손실될 수 있습니다.
C:\Users\대원\Desktop\PROJECT\FrameWork\FrameWork\EnemyBullet.cpp(216,34): warning C4244: '=': 'LONG'에서 'float'(으)로 변환하면서 데이터가 손실될 수 있습니다.
C:\Users\대원\Desktop\PROJECT\FrameWork\FrameWork\EnemyBullet.cpp(221,34): warning C4244: '=': 'LONG'에서 'float'(으)로 변환하면서 데이터가 손실될 수 있습니다.
C:\Users\대원\Desktop\PROJECT\FrameWork\FrameWork\EnemyBullet.cpp(224,66): warning C4244: '인수': 'float'에서 'int'(으)로 변환하면서 데이터가 손실될 수 있습니다.
C:\Users\대원\Desktop\PROJECT\FrameWork\FrameWork\EnemyBullet.cpp(224,53): warning C4244: '인수': 'float'에서 'int'(으)로 변환하면서 데이터가 손실될 수 있습니다.
C:\Users\대원\Desktop\PROJECT\FrameWork\FrameWork\EnemyBullet.cpp(224,36): warning C4244: '인수': 'float'에서 'int'(으)로 변환하면서 데이터가 손실될 수 있습니다.
C:\Users\대원\Desktop\PROJECT\FrameWork\FrameWork\EnemyBullet.cpp(224,31): warning C4244: '인수': 'float'에서 'int'(으)로 변환하면서 데이터가 손실될 수 있습니다.
C:\Users\대원\Desktop\PROJECT\FrameWork\FrameWork\EnemyBullet.cpp(247,37): warning C4244: '=': 'LONG'에서 'float'(으)로 변환하면서 데이터가 손실될 수 있습니다.
C:\Users\대원\Desktop\PROJECT\FrameWork\FrameWork\EnemyBullet.cpp(252,37): warning C4244: '=': 'LONG'에서 'float'(으)로 변환하면서 데이터가 손실될 수 있습니다.
C:\Users\대원\Desktop\PROJECT\FrameWork\FrameWork\EnemyBullet.cpp(257,37): warning C4244: '=': 'LONG'에서 'float'(으)로 변환하면서 데이터가 손실될 수 있습니다.
C:\Users\대원\Desktop\PROJECT\FrameWork\FrameWork\EnemyBullet.cpp(262,37): warning C4244: '=': 'LONG'에서 'float'(으)로 변환하면서 데이터가 손실될 수 있습니다.
C:\Users\대원\Desktop\PROJECT\FrameWork\FrameWork\EnemyBullet.cpp(265,66): warning C4244: '인수': 'float'에서 'int'(으)로 변환하면서 데이터가 손실될 수 있습니다.
C:\Users\대원\Desktop\PROJECT\FrameWork\FrameWork\EnemyBullet.cpp(265,54): warning C4244: '인수': 'float'에서 'int'(으)로 변환하면서 데이터가 손실될 수 있습니다.
C:\Users\대원\Desktop\PROJECT\FrameWork\FrameWork\EnemyBullet.cpp(265,39): warning C4244: '인수': 'float'에서 'int'(으)로 변환하면서 데이터가 손실될 수 있습니다.
C:\Users\대원\Desktop\PROJECT\FrameWork\FrameWork\EnemyBullet.cpp(265,34): warning C4244: '인수': 'float'에서 'int'(으)로 변환하면서 데이터가 손실될 수 있습니다.
C:\Users\대원\Desktop\PROJECT\FrameWork\FrameWork\EnemyBullet.cpp(275,37): warning C4244: '=': 'LONG'에서 'float'(으)로 변환하면서 데이터가 손실될 수 있습니다.
C:\Users\대원\Desktop\PROJECT\FrameWork\FrameWork\EnemyBullet.cpp(280,37): warning C4244: '=': 'LONG'에서 'float'(으)로 변환하면서 데이터가 손실될 수 있습니다.
C:\Users\대원\Desktop\PROJECT\FrameWork\FrameWork\EnemyBullet.cpp(285,37): warning C4244: '=': 'LONG'에서 'float'(으)로 변환하면서 데이터가 손실될 수 있습니다.
C:\Users\대원\Desktop\PROJECT\FrameWork\FrameWork\EnemyBullet.cpp(290,37): warning C4244: '=': 'LONG'에서 'float'(으)로 변환하면서 데이터가 손실될 수 있습니다.
C:\Users\대원\Desktop\PROJECT\FrameWork\FrameWork\EnemyBullet.cpp(293,66): warning C4244: '인수': 'float'에서 'int'(으)로 변환하면서 데이터가 손실될 수 있습니다.
C:\Users\대원\Desktop\PROJECT\FrameWork\FrameWork\EnemyBullet.cpp(293,54): warning C4244: '인수': 'float'에서 'int'(으)로 변환하면서 데이터가 손실될 수 있습니다.
C:\Users\대원\Desktop\PROJECT\FrameWork\FrameWork\EnemyBullet.cpp(293,39): warning C4244: '인수': 'float'에서 'int'(으)로 변환하면서 데이터가 손실될 수 있습니다.
C:\Users\대원\Desktop\PROJECT\FrameWork\FrameWork\EnemyBullet.cpp(293,34): warning C4244: '인수': 'float'에서 'int'(으)로 변환하면서 데이터가 손실될 수 있습니다.
C:\Users\대원\Desktop\PROJECT\FrameWork\FrameWork\EnemyBullet.cpp(327,73): warning C4244: '인수': 'LONG'에서 'float'(으)로 변환하면서 데이터가 손실될 수 있습니다.
C:\Users\대원\Desktop\PROJECT\FrameWork\FrameWork\EnemyBullet.cpp(327,44): warning C4244: '인수': 'LONG'에서 'float'(으)로 변환하면서 데이터가 손실될 수 있습니다.
C:\Users\대원\Desktop\PROJECT\FrameWork\FrameWork\EnemyBullet.cpp(331,38): warning C4244: '=': 'LONG'에서 'float'(으)로 변환하면서 데이터가 손실될 수 있습니다.
C:\Users\대원\Desktop\PROJECT\FrameWork\FrameWork\EnemyBullet.cpp(336,38): warning C4244: '=': 'LONG'에서 'float'(으)로 변환하면서 데이터가 손실될 수 있습니다.
C:\Users\대원\Desktop\PROJECT\FrameWork\FrameWork\EnemyBullet.cpp(341,38): warning C4244: '=': 'LONG'에서 'float'(으)로 변환하면서 데이터가 손실될 수 있습니다.
C:\Users\대원\Desktop\PROJECT\FrameWork\FrameWork\EnemyBullet.cpp(346,38): warning C4244: '=': 'LONG'에서 'float'(으)로 변환하면서 데이터가 손실될 수 있습니다.
C:\Users\대원\Desktop\PROJECT\FrameWork\FrameWork\EnemyBullet.cpp(349,70): warning C4244: '인수': 'float'에서 'int'(으)로 변환하면서 데이터가 손실될 수 있습니다.
C:\Users\대원\Desktop\PROJECT\FrameWork\FrameWork\EnemyBullet.cpp(349,57): warning C4244: '인수': 'float'에서 'int'(으)로 변환하면서 데이터가 손실될 수 있습니다.
C:\Users\대원\Desktop\PROJECT\FrameWork\FrameWork\EnemyBullet.cpp(349,40): warning C4244: '인수': 'float'에서 'int'(으)로 변환하면서 데이터가 손실될 수 있습니다.
C:\Users\대원\Desktop\PROJECT\FrameWork\FrameWork\EnemyBullet.cpp(349,35): warning C4244: '인수': 'float'에서 'int'(으)로 변환하면서 데이터가 손실될 수 있습니다.
C:\Users\대원\Desktop\PROJECT\FrameWork\FrameWork\EnemyBullet.cpp(359,38): warning C4244: '=': 'LONG'에서 'float'(으)로 변환하면서 데이터가 손실될 수 있습니다.
C:\Users\대원\Desktop\PROJECT\FrameWork\FrameWork\EnemyBullet.cpp(364,38): warning C4244: '=': 'LONG'에서 'float'(으)로 변환하면서 데이터가 손실될 수 있습니다.
C:\Users\대원\Desktop\PROJECT\FrameWork\FrameWork\EnemyBullet.cpp(369,38): warning C4244: '=': 'LONG'에서 'float'(으)로 변환하면서 데이터가 손실될 수 있습니다.
C:\Users\대원\Desktop\PROJECT\FrameWork\FrameWork\EnemyBullet.cpp(374,38): warning C4244: '=': 'LONG'에서 'float'(으)로 변환하면서 데이터가 손실될 수 있습니다.
C:\Users\대원\Desktop\PROJECT\FrameWork\FrameWork\EnemyBullet.cpp(377,70): warning C4244: '인수': 'float'에서 'int'(으)로 변환하면서 데이터가 손실될 수 있습니다.
C:\Users\대원\Desktop\PROJECT\FrameWork\FrameWork\EnemyBullet.cpp(377,57): warning C4244: '인수': 'float'에서 'int'(으)로 변환하면서 데이터가 손실될 수 있습니다.
C:\Users\대원\Desktop\PROJECT\FrameWork\FrameWork\EnemyBullet.cpp(377,40): warning C4244: '인수': 'float'에서 'int'(으)로 변환하면서 데이터가 손실될 수 있습니다.
C:\Users\대원\Desktop\PROJECT\FrameWork\FrameWork\EnemyBullet.cpp(377,35): warning C4244: '인수': 'float'에서 'int'(으)로 변환하면서 데이터가 손실될 수 있습니다.
  Game.cpp
C:\Users\대원\Desktop\PROJECT\FrameWork\FrameWork\Game.cpp(67,21): warning C4244: '=': 'ULONGLONG'에서 'DWORD'(으)로 변환하면서 데이터가 손실될 수 있습니다.
  GameManager.cpp
C:\Users\대원\Desktop\PROJECT\FrameWork\FrameWork\GameManager.cpp(5,24): warning C4244: '초기화 중': 'ULONGLONG'에서 'DWORD'(으)로 변환하면서 데이터가 손실될 수 있습니다.
C:\Users\대원\Desktop\PROJECT\FrameWork\FrameWork\GameManager.cpp(9,27): warning C4244: '=': 'ULONGLONG'에서 'DWORD'(으)로 변환하면서 데이터가 손실될 수 있습니다.
  key.cpp
C:\Users\대원\Desktop\PROJECT\FrameWork\FrameWork\key.cpp(24,29): warning C4244: '=': 'ULONGLONG'에서 'DWORD'(으)로 변환하면서 데이터가 손실될 수 있습니다.
C:\Users\대원\Desktop\PROJECT\FrameWork\FrameWork\key.cpp(34,32): warning C4244: '=': 'ULONGLONG'에서 'DWORD'(으)로 변환하면서 데이터가 손실될 수 있습니다.
C:\Users\대원\Desktop\PROJECT\FrameWork\FrameWork\key.cpp(46,29): warning C4244: '=': 'ULONGLONG'에서 'DWORD'(으)로 변환하면서 데이터가 손실될 수 있습니다.
C:\Users\대원\Desktop\PROJECT\FrameWork\FrameWork\key.cpp(56,32): warning C4244: '=': 'ULONGLONG'에서 'DWORD'(으)로 변환하면서 데이터가 손실될 수 있습니다.
C:\Users\대원\Desktop\PROJECT\FrameWork\FrameWork\key.cpp(68,29): warning C4244: '=': 'ULONGLONG'에서 'DWORD'(으)로 변환하면서 데이터가 손실될 수 있습니다.
C:\Users\대원\Desktop\PROJECT\FrameWork\FrameWork\key.cpp(78,32): warning C4244: '=': 'ULONGLONG'에서 'DWORD'(으)로 변환하면서 데이터가 손실될 수 있습니다.
C:\Users\대원\Desktop\PROJECT\FrameWork\FrameWork\key.cpp(90,29): warning C4244: '=': 'ULONGLONG'에서 'DWORD'(으)로 변환하면서 데이터가 손실될 수 있습니다.
C:\Users\대원\Desktop\PROJECT\FrameWork\FrameWork\key.cpp(100,32): warning C4244: '=': 'ULONGLONG'에서 'DWORD'(으)로 변환하면서 데이터가 손실될 수 있습니다.
C:\Users\대원\Desktop\PROJECT\FrameWork\FrameWork\key.cpp(114,30): warning C4244: '=': 'ULONGLONG'에서 'DWORD'(으)로 변환하면서 데이터가 손실될 수 있습니다.
C:\Users\대원\Desktop\PROJECT\FrameWork\FrameWork\key.cpp(120,30): warning C4244: '=': 'ULONGLONG'에서 'DWORD'(으)로 변환하면서 데이터가 손실될 수 있습니다.
C:\Users\대원\Desktop\PROJECT\FrameWork\FrameWork\key.cpp(126,30): warning C4244: '=': 'ULONGLONG'에서 'DWORD'(으)로 변환하면서 데이터가 손실될 수 있습니다.
C:\Users\대원\Desktop\PROJECT\FrameWork\FrameWork\key.cpp(132,30): warning C4244: '=': 'ULONGLONG'에서 'DWORD'(으)로 변환하면서 데이터가 손실될 수 있습니다.
C:\Users\대원\Desktop\PROJECT\FrameWork\FrameWork\key.cpp(149,28): warning C4244: '=': 'ULONGLONG'에서 'DWORD'(으)로 변환하면서 데이터가 손실될 수 있습니다.
C:\Users\대원\Desktop\PROJECT\FrameWork\FrameWork\key.cpp(158,28): warning C4244: '=': 'ULONGLONG'에서 'DWORD'(으)로 변환하면서 데이터가 손실될 수 있습니다.
C:\Users\대원\Desktop\PROJECT\FrameWork\FrameWork\key.cpp(169,28): warning C4244: '=': 'ULONGLONG'에서 'DWORD'(으)로 변환하면서 데이터가 손실될 수 있습니다.
C:\Users\대원\Desktop\PROJECT\FrameWork\FrameWork\key.cpp(179,28): warning C4244: '=': 'ULONGLONG'에서 'DWORD'(으)로 변환하면서 데이터가 손실될 수 있습니다.
C:\Users\대원\Desktop\PROJECT\FrameWork\FrameWork\key.cpp(189,28): warning C4244: '=': 'ULONGLONG'에서 'DWORD'(으)로 변환하면서 데이터가 손실될 수 있습니다.
  Logo.cpp
C:\Users\대원\Desktop\PROJECT\FrameWork\FrameWork\Logo.cpp(128,31): warning C4244: '+=': 'double'에서 'float'(으)로 변환하면서 데이터가 손실될 수 있습니다.
C:\Users\대원\Desktop\PROJECT\FrameWork\FrameWork\Logo.cpp(144,32): warning C4244: '인수': 'float'에서 'int'(으)로 변환하면서 데이터가 손실될 수 있습니다.
  Main.cpp
C:\Users\대원\Desktop\PROJECT\FrameWork\FrameWork\Main.cpp(151,12): warning C4244: 'return': 'WPARAM'에서 'int'(으)로 변환하면서 데이터가 손실될 수 있습니다.
C:\Users\대원\Desktop\PROJECT\FrameWork\FrameWork\Main.cpp(165,12): warning C4244: '=': 'WPARAM'에서 'char'(으)로 변환하면서 데이터가 손실될 수 있습니다.
C:\Users\대원\Desktop\PROJECT\FrameWork\FrameWork\Main.cpp(175,34): warning C4244: '=': 'ULONGLONG'에서 'DWORD'(으)로 변환하면서 데이터가 손실될 수 있습니다.
  Map.cpp
C:\Users\대원\Desktop\PROJECT\FrameWork\FrameWork\Map.cpp(43,36): warning C4244: '=': 'ULONGLONG'에서 'DWORD'(으)로 변환하면서 데이터가 손실될 수 있습니다.
C:\Users\대원\Desktop\PROJECT\FrameWork\FrameWork\Map.cpp(61,37): warning C4244: '인수': 'int'에서 'float'(으)로 변환하면서 데이터가 손실될 수 있습니다.
C:\Users\대원\Desktop\PROJECT\FrameWork\FrameWork\Map.cpp(61,23): warning C4244: '인수': 'int'에서 'float'(으)로 변환하면서 데이터가 손실될 수 있습니다.
C:\Users\대원\Desktop\PROJECT\FrameWork\FrameWork\Map.cpp(65,39): warning C4244: '인수': 'int'에서 'float'(으)로 변환하면서 데이터가 손실될 수 있습니다.
C:\Users\대원\Desktop\PROJECT\FrameWork\FrameWork\Map.cpp(65,24): warning C4244: '인수': 'int'에서 'float'(으)로 변환하면서 데이터가 손실될 수 있습니다.
C:\Users\대원\Desktop\PROJECT\FrameWork\FrameWork\Map.cpp(68,38): warning C4244: '인수': 'int'에서 'float'(으)로 변환하면서 데이터가 손실될 수 있습니다.
C:\Users\대원\Desktop\PROJECT\FrameWork\FrameWork\Map.cpp(68,24): warning C4244: '인수': 'int'에서 'float'(으)로 변환하면서 데이터가 손실될 수 있습니다.
C:\Users\대원\Desktop\PROJECT\FrameWork\FrameWork\Map.cpp(71,39): warning C4244: '인수': 'int'에서 'float'(으)로 변환하면서 데이터가 손실될 수 있습니다.
C:\Users\대원\Desktop\PROJECT\FrameWork\FrameWork\Map.cpp(71,24): warning C4244: '인수': 'int'에서 'float'(으)로 변환하면서 데이터가 손실될 수 있습니다.
C:\Users\대원\Desktop\PROJECT\FrameWork\FrameWork\Map.cpp(74,39): warning C4244: '인수': 'int'에서 'float'(으)로 변환하면서 데이터가 손실될 수 있습니다.
C:\Users\대원\Desktop\PROJECT\FrameWork\FrameWork\Map.cpp(74,24): warning C4244: '인수': 'int'에서 'float'(으)로 변환하면서 데이터가 손실될 수 있습니다.
C:\Users\대원\Desktop\PROJECT\FrameWork\FrameWork\Map.cpp(77,39): warning C4244: '인수': 'int'에서 'float'(으)로 변환하면서 데이터가 손실될 수 있습니다.
C:\Users\대원\Desktop\PROJECT\FrameWork\FrameWork\Map.cpp(77,24): warning C4244: '인수': 'int'에서 'float'(으)로 변환하면서 데이터가 손실될 수 있습니다.
C:\Users\대원\Desktop\PROJECT\FrameWork\FrameWork\Map.cpp(80,39): warning C4244: '인수': 'int'에서 'float'(으)로 변환하면서 데이터가 손실될 수 있습니다.
C:\Users\대원\Desktop\PROJECT\FrameWork\FrameWork\Map.cpp(80,24): warning C4244: '인수': 'int'에서 'float'(으)로 변환하면서 데이터가 손실될 수 있습니다.
  Menu.cpp
  Mysql.cpp
  Over.cpp
C:\Users\대원\Desktop\PROJECT\FrameWork\FrameWork\Over.cpp(26,31): warning C4244: '+=': 'double'에서 'float'(으)로 변환하면서 데이터가 손실될 수 있습니다.
C:\Users\대원\Desktop\PROJECT\FrameWork\FrameWork\Over.cpp(40,34): warning C4244: '인수': 'float'에서 'int'(으)로 변환하면서 데이터가 손실될 수 있습니다.
  Sound.cpp
  Sprite.cpp
C:\Users\대원\Desktop\PROJECT\FrameWork\FrameWork\Sprite.cpp(42,19): warning C4838: 'float'에서 'LONG'(으)로의 변환에는 축소 변환이 필요합니다.
C:\Users\대원\Desktop\PROJECT\FrameWork\FrameWork\Sprite.cpp(42,19): warning C4244: '초기화 중': 'float'에서 'LONG'(으)로 변환하면서 데이터가 손실될 수 있습니다.
C:\Users\대원\Desktop\PROJECT\FrameWork\FrameWork\Sprite.cpp(42,24): warning C4838: 'float'에서 'LONG'(으)로의 변환에는 축소 변환이 필요합니다.
C:\Users\대원\Desktop\PROJECT\FrameWork\FrameWork\Sprite.cpp(42,24): warning C4244: '초기화 중': 'float'에서 'LONG'(으)로 변환하면서 데이터가 손실될 수 있습니다.
C:\Users\대원\Desktop\PROJECT\FrameWork\FrameWork\Sprite.cpp(42,29): warning C4838: 'float'에서 'LONG'(으)로의 변환에는 축소 변환이 필요합니다.
C:\Users\대원\Desktop\PROJECT\FrameWork\FrameWork\Sprite.cpp(42,29): warning C4244: '초기화 중': 'float'에서 'LONG'(으)로 변환하면서 데이터가 손실될 수 있습니다.
C:\Users\대원\Desktop\PROJECT\FrameWork\FrameWork\Sprite.cpp(42,34): warning C4838: 'float'에서 'LONG'(으)로의 변환에는 축소 변환이 필요합니다.
C:\Users\대원\Desktop\PROJECT\FrameWork\FrameWork\Sprite.cpp(42,34): warning C4244: '초기화 중': 'float'에서 'LONG'(으)로 변환하면서 데이터가 손실될 수 있습니다.
C:\Users\대원\Desktop\PROJECT\FrameWork\FrameWork\Sprite.cpp(88): error C2102: '&'에 l-value가 있어야 합니다.
C:\Users\대원\Desktop\PROJECT\FrameWork\FrameWork\Sprite.cpp(108,15): warning C4838: 'float'에서 'LONG'(으)로의 변환에는 축소 변환이 필요합니다.
C:\Users\대원\Desktop\PROJECT\FrameWork\FrameWork\Sprite.cpp(108,15): warning C4244: '초기화 중': 'float'에서 'LONG'(으)로 변환하면서 데이터가 손실될 수 있습니다.
C:\Users\대원\Desktop\PROJECT\FrameWork\FrameWork\Sprite.cpp(108,19): warning C4838: 'float'에서 'LONG'(으)로의 변환에는 축소 변환이 필요합니다.
C:\Users\대원\Desktop\PROJECT\FrameWork\FrameWork\Sprite.cpp(108,19): warning C4244: '초기화 중': 'float'에서 'LONG'(으)로 변환하면서 데이터가 손실될 수 있습니다.
C:\Users\대원\Desktop\PROJECT\FrameWork\FrameWork\Sprite.cpp(108,23): warning C4838: 'float'에서 'LONG'(으)로의 변환에는 축소 변환이 필요합니다.
C:\Users\대원\Desktop\PROJECT\FrameWork\FrameWork\Sprite.cpp(108,23): warning C4244: '초기화 중': 'float'에서 'LONG'(으)로 변환하면서 데이터가 손실될 수 있습니다.
C:\Users\대원\Desktop\PROJECT\FrameWork\FrameWork\Sprite.cpp(108,27): warning C4838: 'float'에서 'LONG'(으)로의 변환에는 축소 변환이 필요합니다.
C:\Users\대원\Desktop\PROJECT\FrameWork\FrameWork\Sprite.cpp(108,27): warning C4244: '초기화 중': 'float'에서 'LONG'(으)로 변환하면서 데이터가 손실될 수 있습니다.
C:\Users\대원\Desktop\PROJECT\FrameWork\FrameWork\Sprite.cpp(129): error C2102: '&'에 l-value가 있어야 합니다.
  Worms.cpp
C:\Users\대원\Desktop\PROJECT\FrameWork\FrameWork\Worms.cpp(29,26): warning C4244: '=': 'ULONGLONG'에서 'DWORD'(으)로 변환하면서 데이터가 손실될 수 있습니다.
C:\Users\대원\Desktop\PROJECT\FrameWork\FrameWork\Worms.cpp(30,26): warning C4244: '=': 'ULONGLONG'에서 'DWORD'(으)로 변환하면서 데이터가 손실될 수 있습니다.
C:\Users\대원\Desktop\PROJECT\FrameWork\FrameWork\Worms.cpp(38,54): warning C4244: '인수': 'double'에서 'int'(으)로 변환하면서 데이터가 손실될 수 있습니다.
C:\Users\대원\Desktop\PROJECT\FrameWork\FrameWork\Worms.cpp(38,43): warning C4244: '인수': 'double'에서 'int'(으)로 변환하면서 데이터가 손실될 수 있습니다.
C:\Users\대원\Desktop\PROJECT\FrameWork\FrameWork\Worms.cpp(38,32): warning C4244: '인수': 'double'에서 'int'(으)로 변환하면서 데이터가 손실될 수 있습니다.
C:\Users\대원\Desktop\PROJECT\FrameWork\FrameWork\Worms.cpp(38,26): warning C4244: '인수': 'double'에서 'int'(으)로 변환하면서 데이터가 손실될 수 있습니다.
C:\Users\대원\Desktop\PROJECT\FrameWork\FrameWork\Worms.cpp(58,28): warning C4244: '=': 'ULONGLONG'에서 'DWORD'(으)로 변환하면서 데이터가 손실될 수 있습니다.
C:\Users\대원\Desktop\PROJECT\FrameWork\FrameWork\Worms.cpp(70,28): warning C4244: '=': 'ULONGLONG'에서 'DWORD'(으)로 변환하면서 데이터가 손실될 수 있습니다.
C:\Users\대원\Desktop\PROJECT\FrameWork\FrameWork\Worms.cpp(81,28): warning C4244: '=': 'ULONGLONG'에서 'DWORD'(으)로 변환하면서 데이터가 손실될 수 있습니다.
C:\Users\대원\Desktop\PROJECT\FrameWork\FrameWork\Worms.cpp(92,28): warning C4244: '=': 'ULONGLONG'에서 'DWORD'(으)로 변환하면서 데이터가 손실될 수 있습니다.
C:\Users\대원\Desktop\PROJECT\FrameWork\FrameWork\Worms.cpp(106,29): warning C4244: '=': 'ULONGLONG'에서 'DWORD'(으)로 변환하면서 데이터가 손실될 수 있습니다.
C:\Users\대원\Desktop\PROJECT\FrameWork\FrameWork\Worms.cpp(109,28): warning C4244: '=': 'ULONGLONG'에서 'DWORD'(으)로 변환하면서 데이터가 손실될 수 있습니다.
C:\Users\대원\Desktop\PROJECT\FrameWork\FrameWork\Worms.cpp(117,32): warning C4244: '인수': 'double'에서 'float'(으)로 변환하면서 데이터가 손실될 수 있습니다.
C:\Users\대원\Desktop\PROJECT\FrameWork\FrameWork\Worms.cpp(117,26): warning C4244: '인수': 'double'에서 'float'(으)로 변환하면서 데이터가 손실될 수 있습니다.
C:\Users\대원\Desktop\PROJECT\FrameWork\FrameWork\Worms.cpp(121,24): warning C4244: '인수': 'double'에서 'float'(으)로 변환하면서 데이터가 손실될 수 있습니다.
C:\Users\대원\Desktop\PROJECT\FrameWork\FrameWork\Worms.cpp(121,18): warning C4244: '인수': 'double'에서 'float'(으)로 변환하면서 데이터가 손실될 수 있습니다.
C:\Users\대원\Desktop\PROJECT\FrameWork\FrameWork\Worms.cpp(168,60): warning C4244: '인수': 'double'에서 'int'(으)로 변환하면서 데이터가 손실될 수 있습니다.
C:\Users\대원\Desktop\PROJECT\FrameWork\FrameWork\Worms.cpp(168,48): warning C4244: '인수': 'double'에서 'int'(으)로 변환하면서 데이터가 손실될 수 있습니다.
C:\Users\대원\Desktop\PROJECT\FrameWork\FrameWork\Worms.cpp(168,38): warning C4244: '인수': 'double'에서 'int'(으)로 변환하면서 데이터가 손실될 수 있습니다.
C:\Users\대원\Desktop\PROJECT\FrameWork\FrameWork\Worms.cpp(168,27): warning C4244: '인수': 'double'에서 'int'(으)로 변환하면서 데이터가 손실될 수 있습니다.
C:\Users\대원\Desktop\PROJECT\FrameWork\FrameWork\Worms.cpp(183,54): warning C4244: '인수': 'double'에서 'int'(으)로 변환하면서 데이터가 손실될 수 있습니다.
C:\Users\대원\Desktop\PROJECT\FrameWork\FrameWork\Worms.cpp(183,43): warning C4244: '인수': 'double'에서 'int'(으)로 변환하면서 데이터가 손실될 수 있습니다.
C:\Users\대원\Desktop\PROJECT\FrameWork\FrameWork\Worms.cpp(183,32): warning C4244: '인수': 'double'에서 'int'(으)로 변환하면서 데이터가 손실될 수 있습니다.
C:\Users\대원\Desktop\PROJECT\FrameWork\FrameWork\Worms.cpp(183,26): warning C4244: '인수': 'double'에서 'int'(으)로 변환하면서 데이터가 손실될 수 있습니다.
C:\Users\대원\Desktop\PROJECT\FrameWork\FrameWork\Worms.cpp(206,9): warning C4244: 'return': 'double'에서 'float'(으)로 변환하면서 데이터가 손실될 수 있습니다.
C:\Users\대원\Desktop\PROJECT\FrameWork\FrameWork\Worms.cpp(210,9): warning C4244: 'return': 'double'에서 'float'(으)로 변환하면서 데이터가 손실될 수 있습니다.
