c:\users\대원\desktop\project\framework\framework\x64\debug\vc142.pdb
c:\users\대원\desktop\project\framework\framework\x64\debug\vc142.idb
c:\users\대원\desktop\project\framework\framework\x64\debug\worms.obj
c:\users\대원\desktop\project\framework\framework\x64\debug\sprite.obj
c:\users\대원\desktop\project\framework\framework\x64\debug\sound.obj
c:\users\대원\desktop\project\framework\framework\x64\debug\over.obj
c:\users\대원\desktop\project\framework\framework\x64\debug\mysql.obj
c:\users\대원\desktop\project\framework\framework\x64\debug\menu.obj
c:\users\대원\desktop\project\framework\framework\x64\debug\map.obj
c:\users\대원\desktop\project\framework\framework\x64\debug\main.obj
c:\users\대원\desktop\project\framework\framework\x64\debug\logo.obj
c:\users\대원\desktop\project\framework\framework\x64\debug\key.obj
c:\users\대원\desktop\project\framework\framework\x64\debug\gamemanager.obj
c:\users\대원\desktop\project\framework\framework\x64\debug\game.obj
c:\users\대원\desktop\project\framework\framework\x64\debug\enemybullet.obj
c:\users\대원\desktop\project\framework\framework\x64\debug\enemy.obj
c:\users\대원\desktop\project\framework\framework\x64\debug\devicefont.obj
c:\users\대원\desktop\project\framework\framework\x64\debug\dxutsound.obj
c:\users\대원\desktop\project\framework\framework\x64\debug\cmng.obj
c:\users\대원\desktop\project\framework\framework\x64\debug\bullet.obj
c:\users\대원\desktop\project\framework\framework\x64\debug\framework.ilk
c:\users\대원\desktop\project\framework\x64\debug\framework.exe
c:\users\대원\desktop\project\framework\x64\debug\framework.pdb
c:\users\대원\desktop\project\framework\framework\x64\debug\framework.tlog\cl.command.1.tlog
c:\users\대원\desktop\project\framework\framework\x64\debug\framework.tlog\cl.read.1.tlog
c:\users\대원\desktop\project\framework\framework\x64\debug\framework.tlog\cl.write.1.tlog
c:\users\대원\desktop\project\framework\framework\x64\debug\framework.tlog\link.command.1.tlog
c:\users\대원\desktop\project\framework\framework\x64\debug\framework.tlog\link.read.1.tlog
c:\users\대원\desktop\project\framework\framework\x64\debug\framework.tlog\link.write.1.tlog
